WARNING: GLFW: Failed to find selected monitor
WARNING: GLFW: Failed to find selected monitor
INFO: Initializing raylib 5.6-dev
INFO: Platform backend: DESKTOP (GLFW)
INFO: Supported raylib modules:
INFO:     > rcore:..... loaded (mandatory)
INFO:     > rlgl:...... loaded (mandatory)
INFO:     > rshapes:... loaded (optional)
INFO:     > rtextures:. loaded (optional)
INFO:     > rtext:..... loaded (optional)
INFO:     > rmodels:... loaded (optional)
INFO:     > raudio:.... loaded (optional)
INFO: DISPLAY: Device initialized successfully
INFO:     > Display size: 1512 x 982
INFO:     > Screen size:  1512 x 982
INFO:     > Render size:  1512 x 982
INFO:     > Viewport offsets: 0, 0
INFO: GLAD: OpenGL extensions loaded successfully
INFO: GL: Supported extensions count: 43
INFO: GL: OpenGL device information:
INFO:     > Vendor:   Apple
INFO:     > Renderer: Apple M1 Pro
INFO:     > Version:  4.1 Metal - 89.3
INFO:     > GLSL:     4.10
INFO: GL: VAO extension detected, VAO functions loaded successfully
INFO: GL: NPOT textures extension detected, full NPOT textures supported
INFO: GL: DXT compressed textures supported
INFO: PLATFORM: DESKTOP (GLFW - Cocoa): Initialized successfully
INFO: TEXTURE: [ID 1] Texture loaded successfully (1x1 | R8G8B8A8 | 1 mipmaps)
INFO: TEXTURE: [ID 1] Default texture loaded successfully
INFO: SHADER: [ID 1] Vertex shader compiled successfully
INFO: SHADER: [ID 2] Fragment shader compiled successfully
INFO: SHADER: [ID 3] Program shader loaded successfully
INFO: SHADER: [ID 3] Default shader loaded successfully
INFO: RLGL: Render batch vertex buffers loaded successfully in RAM (CPU)
INFO: RLGL: Render batch vertex buffers loaded successfully in VRAM (GPU)
INFO: RLGL: Default OpenGL state initialized successfully
INFO: TEXTURE: [ID 2] Texture loaded successfully (128x128 | GRAY_ALPHA | 1 mipmaps)
INFO: FONT: Default font loaded successfully (224 glyphs)
INFO: SYSTEM: Working Directory: /Users/pavelprodan/Documents/farming-simulator
INFO: SYSTEM: Working Directory: /Users/pavelprodan/Documents/farming-simulator/resources
INFO: FILEIO: [textures/rocky_terrain_02_diff_8k.jpg] File loaded successfully
INFO: IMAGE: Data loaded successfully (8192x8192 | R8G8B8 | 1 mipmaps)
INFO: TEXTURE: [ID 3] Texture loaded successfully (8192x8192 | R8G8B8 | 1 mipmaps)
INFO: FILEIO: [textures/rocky_trail_diff_8k.jpg] File loaded successfully
INFO: IMAGE: Data loaded successfully (8192x8192 | R8G8B8 | 1 mipmaps)
INFO: TEXTURE: [ID 4] Texture loaded successfully (8192x8192 | R8G8B8 | 1 mipmaps)
INFO: VAO: [ID 2] Mesh uploaded successfully to VRAM (GPU)
INFO: VAO: [ID 3] Mesh uploaded successfully to VRAM (GPU)
INFO: VAO: [ID 4] Mesh uploaded successfully to VRAM (GPU)
INFO: VAO: [ID 5] Mesh uploaded successfully to VRAM (GPU)
INFO: VAO: [ID 6] Mesh uploaded successfully to VRAM (GPU)
INFO: VAO: [ID 7] Mesh uploaded successfully to VRAM (GPU)
INFO: VAO: [ID 8] Mesh uploaded successfully to VRAM (GPU)
INFO: VAO: [ID 9] Mesh uploaded successfully to VRAM (GPU)
INFO: VAO: [ID 10] Mesh uploaded successfully to VRAM (GPU)
INFO: VAO: [ID 11] Mesh uploaded successfully to VRAM (GPU)
INFO: VAO: [ID 12] Mesh uploaded successfully to VRAM (GPU)
INFO: VAO: [ID 13] Mesh uploaded successfully to VRAM (GPU)
INFO: VAO: [ID 14] Mesh uploaded successfully to VRAM (GPU)
INFO: VAO: [ID 15] Mesh uploaded successfully to VRAM (GPU)
INFO: VAO: [ID 16] Mesh uploaded successfully to VRAM (GPU)
INFO: VAO: [ID 17] Mesh uploaded successfully to VRAM (GPU)
INFO: VAO: [ID 18] Mesh uploaded successfully to VRAM (GPU)
INFO: VAO: [ID 19] Mesh uploaded successfully to VRAM (GPU)
INFO: VAO: [ID 20] Mesh uploaded successfully to VRAM (GPU)
INFO: VAO: [ID 21] Mesh uploaded successfully to VRAM (GPU)
INFO: VAO: [ID 22] Mesh uploaded successfully to VRAM (GPU)
INFO: VAO: [ID 23] Mesh uploaded successfully to VRAM (GPU)
INFO: VAO: [ID 24] Mesh uploaded successfully to VRAM (GPU)
INFO: VAO: [ID 25] Mesh uploaded successfully to VRAM (GPU)
INFO: VAO: [ID 26] Mesh uploaded successfully to VRAM (GPU)
INFO: FILEIO: [plants/tree.glb] File loaded successfully
INFO: MODEL: [plants/tree.glb] Model basic data (glb) loaded successfully
INFO:     > Meshes count: 1
INFO:     > Materials count: 2 (+1 default)
INFO: IMAGE: Data loaded successfully (1024x1024 | R8G8B8A8 | 1 mipmaps)
INFO: TEXTURE: [ID 5] Texture loaded successfully (1024x1024 | R8G8B8A8 | 1 mipmaps)
INFO: IMAGE: Data loaded successfully (1024x1024 | R8G8B8A8 | 1 mipmaps)
INFO: TEXTURE: [ID 6] Texture loaded successfully (1024x1024 | R8G8B8A8 | 1 mipmaps)
INFO: IMAGE: Data loaded successfully (1024x1024 | R8G8B8A8 | 1 mipmaps)
INFO: TEXTURE: [ID 7] Texture loaded successfully (1024x1024 | R8G8B8A8 | 1 mipmaps)
INFO: VAO: [ID 27] Mesh uploaded successfully to VRAM (GPU)
INFO: VAO: [ID 28] Mesh uploaded successfully to VRAM (GPU)
INFO: FILEIO: [plants/grass.glb] File loaded successfully
INFO: MODEL: [plants/grass.glb] Model basic data (glb) loaded successfully
INFO:     > Meshes count: 1
INFO:     > Materials count: 1 (+1 default)
INFO: IMAGE: Data loaded successfully (1024x1024 | R8G8B8A8 | 1 mipmaps)
INFO: TEXTURE: [ID 8] Texture loaded successfully (1024x1024 | R8G8B8A8 | 1 mipmaps)
INFO: VAO: [ID 29] Mesh uploaded successfully to VRAM (GPU)
INFO: FILEIO: [plants/flower.glb] File loaded successfully
INFO: MODEL: [plants/flower.glb] Model basic data (glb) loaded successfully
INFO:     > Meshes count: 1
INFO:     > Materials count: 2 (+1 default)
INFO: IMAGE: Data loaded successfully (1024x997 | R8G8B8A8 | 1 mipmaps)
INFO: TEXTURE: [ID 9] Texture loaded successfully (1024x997 | R8G8B8A8 | 1 mipmaps)
INFO: IMAGE: Data loaded successfully (1024x1024 | R8G8B8A8 | 1 mipmaps)
INFO: TEXTURE: [ID 10] Texture loaded successfully (1024x1024 | R8G8B8A8 | 1 mipmaps)
INFO: VAO: [ID 30] Mesh uploaded successfully to VRAM (GPU)
INFO: VAO: [ID 31] Mesh uploaded successfully to VRAM (GPU)
INFO: FILEIO: [plants/flower2.glb] File loaded successfully
INFO: MODEL: [plants/flower2.glb] Model basic data (glb) loaded successfully
INFO:     > Meshes count: 13
INFO:     > Materials count: 4 (+1 default)
INFO: VAO: [ID 32] Mesh uploaded successfully to VRAM (GPU)
INFO: VAO: [ID 33] Mesh uploaded successfully to VRAM (GPU)
INFO: VAO: [ID 34] Mesh uploaded successfully to VRAM (GPU)
INFO: VAO: [ID 35] Mesh uploaded successfully to VRAM (GPU)
INFO: VAO: [ID 36] Mesh uploaded successfully to VRAM (GPU)
INFO: VAO: [ID 37] Mesh uploaded successfully to VRAM (GPU)
INFO: VAO: [ID 38] Mesh uploaded successfully to VRAM (GPU)
INFO: VAO: [ID 39] Mesh uploaded successfully to VRAM (GPU)
INFO: VAO: [ID 40] Mesh uploaded successfully to VRAM (GPU)
INFO: VAO: [ID 41] Mesh uploaded successfully to VRAM (GPU)
INFO: VAO: [ID 42] Mesh uploaded successfully to VRAM (GPU)
INFO: VAO: [ID 43] Mesh uploaded successfully to VRAM (GPU)
INFO: VAO: [ID 44] Mesh uploaded successfully to VRAM (GPU)
INFO: FILEIO: [plants/bushWithFlowers.glb] File loaded successfully
INFO: MODEL: [plants/bushWithFlowers.glb] Model basic data (glb) loaded successfully
INFO:     > Meshes count: 1
INFO:     > Materials count: 2 (+1 default)
INFO: IMAGE: Data loaded successfully (1024x1024 | R8G8B8A8 | 1 mipmaps)
INFO: TEXTURE: [ID 11] Texture loaded successfully (1024x1024 | R8G8B8A8 | 1 mipmaps)
INFO: IMAGE: Data loaded successfully (1024x997 | R8G8B8A8 | 1 mipmaps)
INFO: TEXTURE: [ID 12] Texture loaded successfully (1024x997 | R8G8B8A8 | 1 mipmaps)
INFO: VAO: [ID 45] Mesh uploaded successfully to VRAM (GPU)
INFO: VAO: [ID 46] Mesh uploaded successfully to VRAM (GPU)
INFO: FILEIO: [animals/walking_horse.glb] File loaded successfully
INFO: MODEL: [animals/walking_horse.glb] Model basic data (glb) loaded successfully
INFO:     > Meshes count: 1
INFO:     > Materials count: 1 (+1 default)
INFO: IMAGE: Data loaded successfully (1024x1024 | R8G8B8 | 1 mipmaps)
INFO: TEXTURE: [ID 13] Texture loaded successfully (1024x1024 | R8G8B8 | 1 mipmaps)
INFO: VAO: [ID 47] Mesh uploaded successfully to VRAM (GPU)
INFO: FILEIO: [animals/idle_horse.glb] File loaded successfully
INFO: MODEL: [animals/idle_horse.glb] Model basic data (glb) loaded successfully
INFO:     > Meshes count: 1
INFO:     > Materials count: 1 (+1 default)
INFO: IMAGE: Data loaded successfully (1024x1024 | R8G8B8 | 1 mipmaps)
INFO: TEXTURE: [ID 14] Texture loaded successfully (1024x1024 | R8G8B8 | 1 mipmaps)
INFO: VAO: [ID 48] Mesh uploaded successfully to VRAM (GPU)
INFO: FILEIO: [animals/walking_horse.glb] File loaded successfully
INFO: MODEL: [animals/walking_horse.glb] Loaded animation: Horse_001_walk (87 frames, 1.466667s)
INFO: FILEIO: [animals/idle_horse.glb] File loaded successfully
INFO: MODEL: [animals/idle_horse.glb] Loaded animation: Horse_001_eat (253 frames, 4.300000s)
INFO: Walking animation loaded for animal type 0
INFO: Idle animation loaded for animal type 0
INFO: FILEIO: [animals/walking_pig.glb] File loaded successfully
INFO: MODEL: [animals/walking_pig.glb] Model basic data (glb) loaded successfully
INFO:     > Meshes count: 1
INFO:     > Materials count: 2 (+1 default)
INFO: VAO: [ID 49] Mesh uploaded successfully to VRAM (GPU)
INFO: VAO: [ID 50] Mesh uploaded successfully to VRAM (GPU)
INFO: FILEIO: [animals/idle_pig.glb] File loaded successfully
INFO: MODEL: [animals/idle_pig.glb] Model basic data (glb) loaded successfully
INFO:     > Meshes count: 1
INFO:     > Materials count: 2 (+1 default)
INFO: VAO: [ID 51] Mesh uploaded successfully to VRAM (GPU)
INFO: VAO: [ID 52] Mesh uploaded successfully to VRAM (GPU)
INFO: FILEIO: [animals/walking_pig.glb] File loaded successfully
INFO: MODEL: [animals/walking_pig.glb] Loaded animation: [Action Stash] (79 frames, 1.333333s)
INFO: FILEIO: [animals/idle_pig.glb] File loaded successfully
INFO: MODEL: [animals/idle_pig.glb] Loaded animation: [Action Stash].003 (130 frames, 2.208333s)
INFO: Walking animation loaded for animal type 5
INFO: Idle animation loaded for animal type 5
INFO: FILEIO: [animals/walking_cat.glb] File loaded successfully
INFO: MODEL: [animals/walking_cat.glb] Model basic data (glb) loaded successfully
INFO:     > Meshes count: 1
INFO:     > Materials count: 1 (+1 default)
INFO: IMAGE: Data loaded successfully (1024x1024 | R8G8B8 | 1 mipmaps)
INFO: TEXTURE: [ID 15] Texture loaded successfully (1024x1024 | R8G8B8 | 1 mipmaps)
INFO: VAO: [ID 53] Mesh uploaded successfully to VRAM (GPU)
INFO: FILEIO: [animals/idle_cat.glb] File loaded successfully
INFO: MODEL: [animals/idle_cat.glb] Model basic data (glb) loaded successfully
INFO:     > Meshes count: 1
INFO:     > Materials count: 1 (+1 default)
INFO: IMAGE: Data loaded successfully (1024x1024 | R8G8B8 | 1 mipmaps)
INFO: TEXTURE: [ID 16] Texture loaded successfully (1024x1024 | R8G8B8 | 1 mipmaps)
INFO: VAO: [ID 54] Mesh uploaded successfully to VRAM (GPU)
INFO: FILEIO: [animals/walking_cat.glb] File loaded successfully
INFO: MODEL: [animals/walking_cat.glb] Loaded animation: Kitty_001_run (42 frames, 0.700000s)
INFO: FILEIO: [animals/idle_cat.glb] File loaded successfully
INFO: MODEL: [animals/idle_cat.glb] Loaded animation: Kitty_001_idle (465 frames, 7.900000s)
INFO: Walking animation loaded for animal type 1
INFO: Idle animation loaded for animal type 1
INFO: FILEIO: [animals/walking_dog.glb] File loaded successfully
INFO: MODEL: [animals/walking_dog.glb] Model basic data (glb) loaded successfully
INFO:     > Meshes count: 1
INFO:     > Materials count: 1 (+1 default)
INFO: IMAGE: Data loaded successfully (1024x1024 | R8G8B8 | 1 mipmaps)
INFO: TEXTURE: [ID 17] Texture loaded successfully (1024x1024 | R8G8B8 | 1 mipmaps)
INFO: VAO: [ID 55] Mesh uploaded successfully to VRAM (GPU)
INFO: FILEIO: [animals/idle_dog.glb] File loaded successfully
INFO: MODEL: [animals/idle_dog.glb] Model basic data (glb) loaded successfully
INFO:     > Meshes count: 1
INFO:     > Materials count: 1 (+1 default)
INFO: IMAGE: Data loaded successfully (1024x1024 | R8G8B8 | 1 mipmaps)
INFO: TEXTURE: [ID 18] Texture loaded successfully (1024x1024 | R8G8B8 | 1 mipmaps)
INFO: VAO: [ID 56] Mesh uploaded successfully to VRAM (GPU)
INFO: FILEIO: [animals/walking_dog.glb] File loaded successfully
INFO: MODEL: [animals/walking_dog.glb] Loaded animation: Dog_001_walk (61 frames, 1.033333s)
INFO: FILEIO: [animals/idle_dog.glb] File loaded successfully
INFO: MODEL: [animals/idle_dog.glb] Loaded animation: Dog_001_idle (569 frames, 9.666667s)
INFO: Walking animation loaded for animal type 2
INFO: Idle animation loaded for animal type 2
INFO: FILEIO: [animals/walking_cow.glb] File loaded successfully
INFO: MODEL: [animals/walking_cow.glb] Model basic data (glb) loaded successfully
INFO:     > Meshes count: 1
INFO:     > Materials count: 3 (+1 default)
INFO: VAO: [ID 57] Mesh uploaded successfully to VRAM (GPU)
INFO: VAO: [ID 58] Mesh uploaded successfully to VRAM (GPU)
INFO: VAO: [ID 59] Mesh uploaded successfully to VRAM (GPU)
INFO: FILEIO: [animals/idle_cow.glb] File loaded successfully
INFO: MODEL: [animals/idle_cow.glb] Model basic data (glb) loaded successfully
INFO:     > Meshes count: 1
INFO:     > Materials count: 3 (+1 default)
INFO: VAO: [ID 60] Mesh uploaded successfully to VRAM (GPU)
INFO: VAO: [ID 61] Mesh uploaded successfully to VRAM (GPU)
INFO: VAO: [ID 62] Mesh uploaded successfully to VRAM (GPU)
INFO: FILEIO: [animals/walking_cow.glb] File loaded successfully
INFO: MODEL: [animals/walking_cow.glb] Loaded animation: [Action Stash] (79 frames, 1.333333s)
INFO: FILEIO: [animals/idle_cow.glb] File loaded successfully
INFO: MODEL: [animals/idle_cow.glb] Loaded animation: [Action Stash].003 (368 frames, 6.250000s)
INFO: Walking animation loaded for animal type 3
INFO: Idle animation loaded for animal type 3
INFO: FILEIO: [animals/walking_chicken.glb] File loaded successfully
INFO: MODEL: [animals/walking_chicken.glb] Model basic data (glb) loaded successfully
INFO:     > Meshes count: 1
INFO:     > Materials count: 1 (+1 default)
INFO: IMAGE: Data loaded successfully (1024x1024 | R8G8B8 | 1 mipmaps)
INFO: TEXTURE: [ID 19] Texture loaded successfully (1024x1024 | R8G8B8 | 1 mipmaps)
INFO: VAO: [ID 63] Mesh uploaded successfully to VRAM (GPU)
INFO: FILEIO: [animals/idle_chicken.glb] File loaded successfully
INFO: MODEL: [animals/idle_chicken.glb] Model basic data (glb) loaded successfully
INFO:     > Meshes count: 1
INFO:     > Materials count: 1 (+1 default)
INFO: IMAGE: Data loaded successfully (1024x1024 | R8G8B8 | 1 mipmaps)
INFO: TEXTURE: [ID 20] Texture loaded successfully (1024x1024 | R8G8B8 | 1 mipmaps)
INFO: VAO: [ID 64] Mesh uploaded successfully to VRAM (GPU)
INFO: FILEIO: [animals/walking_chicken.glb] File loaded successfully
INFO: MODEL: [animals/walking_chicken.glb] Loaded animation: Chicken_003_walk (50 frames, 0.833333s)
INFO: FILEIO: [animals/idle_chicken.glb] File loaded successfully
INFO: MODEL: [animals/idle_chicken.glb] Loaded animation: Chicken_001_idle (483 frames, 8.200000s)
INFO: Walking animation loaded for animal type 4
INFO: Idle animation loaded for animal type 4
INFO: FILEIO: [buildings/barn.glb] File loaded successfully
INFO: MODEL: [buildings/barn.glb] Model basic data (glb) loaded successfully
INFO:     > Meshes count: 1
INFO:     > Materials count: 1 (+1 default)
INFO: IMAGE: Data loaded successfully (256x256 | R8G8B8 | 1 mipmaps)
INFO: TEXTURE: [ID 21] Texture loaded successfully (256x256 | R8G8B8 | 1 mipmaps)
INFO: VAO: [ID 65] Mesh uploaded successfully to VRAM (GPU)
INFO: FILEIO: [buildings/horse_barn.glb] File loaded successfully
INFO: MODEL: [buildings/horse_barn.glb] Model basic data (glb) loaded successfully
INFO:     > Meshes count: 5
INFO:     > Materials count: 4 (+1 default)
INFO: VAO: [ID 66] Mesh uploaded successfully to VRAM (GPU)
INFO: VAO: [ID 67] Mesh uploaded successfully to VRAM (GPU)
INFO: VAO: [ID 68] Mesh uploaded successfully to VRAM (GPU)
INFO: VAO: [ID 69] Mesh uploaded successfully to VRAM (GPU)
INFO: VAO: [ID 70] Mesh uploaded successfully to VRAM (GPU)
INFO: VAO: [ID 71] Mesh uploaded successfully to VRAM (GPU)
INFO: VAO: [ID 72] Mesh uploaded successfully to VRAM (GPU)
INFO: VAO: [ID 73] Mesh uploaded successfully to VRAM (GPU)
INFO: VAO: [ID 74] Mesh uploaded successfully to VRAM (GPU)
INFO: VAO: [ID 75] Mesh uploaded successfully to VRAM (GPU)
INFO: VAO: [ID 76] Mesh uploaded successfully to VRAM (GPU)
INFO: VAO: [ID 77] Mesh uploaded successfully to VRAM (GPU)
INFO: VAO: [ID 78] Mesh uploaded successfully to VRAM (GPU)
INFO: VAO: [ID 79] Mesh uploaded successfully to VRAM (GPU)
INFO: FILEIO: [buildings/Bank.glb] File loaded successfully
INFO: MODEL: [buildings/Bank.glb] Model basic data (glb) loaded successfully
INFO:     > Meshes count: 120
INFO:     > Materials count: 6 (+1 default)
INFO: VAO: [ID 80] Mesh uploaded successfully to VRAM (GPU)
INFO: VAO: [ID 81] Mesh uploaded successfully to VRAM (GPU)
INFO: VAO: [ID 82] Mesh uploaded successfully to VRAM (GPU)
INFO: VAO: [ID 83] Mesh uploaded successfully to VRAM (GPU)
INFO: VAO: [ID 84] Mesh uploaded successfully to VRAM (GPU)
INFO: VAO: [ID 85] Mesh uploaded successfully to VRAM (GPU)
INFO: VAO: [ID 86] Mesh uploaded successfully to VRAM (GPU)
INFO: VAO: [ID 87] Mesh uploaded successfully to VRAM (GPU)
INFO: VAO: [ID 88] Mesh uploaded successfully to VRAM (GPU)
INFO: VAO: [ID 89] Mesh uploaded successfully to VRAM (GPU)
INFO: VAO: [ID 90] Mesh uploaded successfully to VRAM (GPU)
INFO: VAO: [ID 91] Mesh uploaded successfully to VRAM (GPU)
INFO: VAO: [ID 92] Mesh uploaded successfully to VRAM (GPU)
INFO: VAO: [ID 93] Mesh uploaded successfully to VRAM (GPU)
INFO: VAO: [ID 94] Mesh uploaded successfully to VRAM (GPU)
INFO: VAO: [ID 95] Mesh uploaded successfully to VRAM (GPU)
INFO: VAO: [ID 96] Mesh uploaded successfully to VRAM (GPU)
INFO: VAO: [ID 97] Mesh uploaded successfully to VRAM (GPU)
INFO: VAO: [ID 98] Mesh uploaded successfully to VRAM (GPU)
INFO: VAO: [ID 99] Mesh uploaded successfully to VRAM (GPU)
INFO: VAO: [ID 100] Mesh uploaded successfully to VRAM (GPU)
INFO: VAO: [ID 101] Mesh uploaded successfully to VRAM (GPU)
INFO: VAO: [ID 102] Mesh uploaded successfully to VRAM (GPU)
INFO: VAO: [ID 103] Mesh uploaded successfully to VRAM (GPU)
INFO: VAO: [ID 104] Mesh uploaded successfully to VRAM (GPU)
INFO: VAO: [ID 105] Mesh uploaded successfully to VRAM (GPU)
INFO: VAO: [ID 106] Mesh uploaded successfully to VRAM (GPU)
INFO: VAO: [ID 107] Mesh uploaded successfully to VRAM (GPU)
INFO: VAO: [ID 108] Mesh uploaded successfully to VRAM (GPU)
INFO: VAO: [ID 109] Mesh uploaded successfully to VRAM (GPU)
INFO: VAO: [ID 110] Mesh uploaded successfully to VRAM (GPU)
INFO: VAO: [ID 111] Mesh uploaded successfully to VRAM (GPU)
INFO: VAO: [ID 112] Mesh uploaded successfully to VRAM (GPU)
INFO: VAO: [ID 113] Mesh uploaded successfully to VRAM (GPU)
INFO: VAO: [ID 114] Mesh uploaded successfully to VRAM (GPU)
INFO: VAO: [ID 115] Mesh uploaded successfully to VRAM (GPU)
INFO: VAO: [ID 116] Mesh uploaded successfully to VRAM (GPU)
INFO: VAO: [ID 117] Mesh uploaded successfully to VRAM (GPU)
INFO: VAO: [ID 118] Mesh uploaded successfully to VRAM (GPU)
INFO: VAO: [ID 119] Mesh uploaded successfully to VRAM (GPU)
INFO: VAO: [ID 120] Mesh uploaded successfully to VRAM (GPU)
INFO: VAO: [ID 121] Mesh uploaded successfully to VRAM (GPU)
INFO: VAO: [ID 122] Mesh uploaded successfully to VRAM (GPU)
INFO: VAO: [ID 123] Mesh uploaded successfully to VRAM (GPU)
INFO: VAO: [ID 124] Mesh uploaded successfully to VRAM (GPU)
INFO: VAO: [ID 125] Mesh uploaded successfully to VRAM (GPU)
INFO: VAO: [ID 126] Mesh uploaded successfully to VRAM (GPU)
INFO: VAO: [ID 127] Mesh uploaded successfully to VRAM (GPU)
INFO: VAO: [ID 128] Mesh uploaded successfully to VRAM (GPU)
INFO: VAO: [ID 129] Mesh uploaded successfully to VRAM (GPU)
INFO: VAO: [ID 130] Mesh uploaded successfully to VRAM (GPU)
INFO: VAO: [ID 131] Mesh uploaded successfully to VRAM (GPU)
INFO: VAO: [ID 132] Mesh uploaded successfully to VRAM (GPU)
INFO: VAO: [ID 133] Mesh uploaded successfully to VRAM (GPU)
INFO: VAO: [ID 134] Mesh uploaded successfully to VRAM (GPU)
INFO: VAO: [ID 135] Mesh uploaded successfully to VRAM (GPU)
INFO: VAO: [ID 136] Mesh uploaded successfully to VRAM (GPU)
INFO: VAO: [ID 137] Mesh uploaded successfully to VRAM (GPU)
INFO: VAO: [ID 138] Mesh uploaded successfully to VRAM (GPU)
INFO: VAO: [ID 139] Mesh uploaded successfully to VRAM (GPU)
INFO: VAO: [ID 140] Mesh uploaded successfully to VRAM (GPU)
INFO: VAO: [ID 141] Mesh uploaded successfully to VRAM (GPU)
INFO: VAO: [ID 142] Mesh uploaded successfully to VRAM (GPU)
INFO: VAO: [ID 143] Mesh uploaded successfully to VRAM (GPU)
INFO: VAO: [ID 144] Mesh uploaded successfully to VRAM (GPU)
INFO: VAO: [ID 145] Mesh uploaded successfully to VRAM (GPU)
INFO: VAO: [ID 146] Mesh uploaded successfully to VRAM (GPU)
INFO: VAO: [ID 147] Mesh uploaded successfully to VRAM (GPU)
INFO: VAO: [ID 148] Mesh uploaded successfully to VRAM (GPU)
INFO: VAO: [ID 149] Mesh uploaded successfully to VRAM (GPU)
INFO: VAO: [ID 150] Mesh uploaded successfully to VRAM (GPU)
INFO: VAO: [ID 151] Mesh uploaded successfully to VRAM (GPU)
INFO: VAO: [ID 152] Mesh uploaded successfully to VRAM (GPU)
INFO: VAO: [ID 153] Mesh uploaded successfully to VRAM (GPU)
INFO: VAO: [ID 154] Mesh uploaded successfully to VRAM (GPU)
INFO: VAO: [ID 155] Mesh uploaded successfully to VRAM (GPU)
INFO: VAO: [ID 156] Mesh uploaded successfully to VRAM (GPU)
INFO: VAO: [ID 157] Mesh uploaded successfully to VRAM (GPU)
INFO: VAO: [ID 158] Mesh uploaded successfully to VRAM (GPU)
INFO: VAO: [ID 159] Mesh uploaded successfully to VRAM (GPU)
INFO: VAO: [ID 160] Mesh uploaded successfully to VRAM (GPU)
INFO: VAO: [ID 161] Mesh uploaded successfully to VRAM (GPU)
INFO: VAO: [ID 162] Mesh uploaded successfully to VRAM (GPU)
INFO: VAO: [ID 163] Mesh uploaded successfully to VRAM (GPU)
INFO: VAO: [ID 164] Mesh uploaded successfully to VRAM (GPU)
INFO: VAO: [ID 165] Mesh uploaded successfully to VRAM (GPU)
INFO: VAO: [ID 166] Mesh uploaded successfully to VRAM (GPU)
INFO: VAO: [ID 167] Mesh uploaded successfully to VRAM (GPU)
INFO: VAO: [ID 168] Mesh uploaded successfully to VRAM (GPU)
INFO: VAO: [ID 169] Mesh uploaded successfully to VRAM (GPU)
INFO: VAO: [ID 170] Mesh uploaded successfully to VRAM (GPU)
INFO: VAO: [ID 171] Mesh uploaded successfully to VRAM (GPU)
INFO: VAO: [ID 172] Mesh uploaded successfully to VRAM (GPU)
INFO: VAO: [ID 173] Mesh uploaded successfully to VRAM (GPU)
INFO: VAO: [ID 174] Mesh uploaded successfully to VRAM (GPU)
INFO: VAO: [ID 175] Mesh uploaded successfully to VRAM (GPU)
INFO: VAO: [ID 176] Mesh uploaded successfully to VRAM (GPU)
INFO: VAO: [ID 177] Mesh uploaded successfully to VRAM (GPU)
INFO: VAO: [ID 178] Mesh uploaded successfully to VRAM (GPU)
INFO: VAO: [ID 179] Mesh uploaded successfully to VRAM (GPU)
INFO: VAO: [ID 180] Mesh uploaded successfully to VRAM (GPU)
INFO: VAO: [ID 181] Mesh uploaded successfully to VRAM (GPU)
INFO: VAO: [ID 182] Mesh uploaded successfully to VRAM (GPU)
INFO: VAO: [ID 183] Mesh uploaded successfully to VRAM (GPU)
INFO: VAO: [ID 184] Mesh uploaded successfully to VRAM (GPU)
INFO: VAO: [ID 185] Mesh uploaded successfully to VRAM (GPU)
INFO: VAO: [ID 186] Mesh uploaded successfully to VRAM (GPU)
INFO: VAO: [ID 187] Mesh uploaded successfully to VRAM (GPU)
INFO: VAO: [ID 188] Mesh uploaded successfully to VRAM (GPU)
INFO: VAO: [ID 189] Mesh uploaded successfully to VRAM (GPU)
INFO: VAO: [ID 190] Mesh uploaded successfully to VRAM (GPU)
INFO: VAO: [ID 191] Mesh uploaded successfully to VRAM (GPU)
INFO: VAO: [ID 192] Mesh uploaded successfully to VRAM (GPU)
INFO: VAO: [ID 193] Mesh uploaded successfully to VRAM (GPU)
INFO: VAO: [ID 194] Mesh uploaded successfully to VRAM (GPU)
INFO: VAO: [ID 195] Mesh uploaded successfully to VRAM (GPU)
INFO: VAO: [ID 196] Mesh uploaded successfully to VRAM (GPU)
INFO: VAO: [ID 197] Mesh uploaded successfully to VRAM (GPU)
INFO: VAO: [ID 198] Mesh uploaded successfully to VRAM (GPU)
INFO: VAO: [ID 199] Mesh uploaded successfully to VRAM (GPU)
INFO: VAO: [ID 200] Mesh uploaded successfully to VRAM (GPU)
INFO: FILEIO: [buildings/constructionHouse.glb] File loaded successfully
INFO: MODEL: [buildings/constructionHouse.glb] Model basic data (glb) loaded successfully
INFO:     > Meshes count: 1
INFO:     > Materials count: 2 (+1 default)
INFO: VAO: [ID 201] Mesh uploaded successfully to VRAM (GPU)
INFO: VAO: [ID 202] Mesh uploaded successfully to VRAM (GPU)
INFO: FILEIO: [buildings/FarmHouse.glb] File loaded successfully
INFO: MODEL: [buildings/FarmHouse.glb] Model basic data (glb) loaded successfully
INFO:     > Meshes count: 1
INFO:     > Materials count: 1 (+1 default)
INFO: IMAGE: Data loaded successfully (2048x2048 | R8G8B8 | 1 mipmaps)
INFO: TEXTURE: [ID 22] Texture loaded successfully (2048x2048 | R8G8B8 | 1 mipmaps)
INFO: VAO: [ID 203] Mesh uploaded successfully to VRAM (GPU)
INFO: FILEIO: [humans/walking_character.glb] File loaded successfully
INFO: MODEL: [humans/walking_character.glb] Model basic data (glb) loaded successfully
INFO:     > Meshes count: 6
INFO:     > Materials count: 1 (+1 default)
INFO: IMAGE: Data loaded successfully (1024x1024 | R8G8B8 | 1 mipmaps)
INFO: TEXTURE: [ID 23] Texture loaded successfully (1024x1024 | R8G8B8 | 1 mipmaps)
INFO: VAO: [ID 204] Mesh uploaded successfully to VRAM (GPU)
INFO: VAO: [ID 205] Mesh uploaded successfully to VRAM (GPU)
INFO: VAO: [ID 206] Mesh uploaded successfully to VRAM (GPU)
INFO: VAO: [ID 207] Mesh uploaded successfully to VRAM (GPU)
INFO: VAO: [ID 208] Mesh uploaded successfully to VRAM (GPU)
INFO: VAO: [ID 209] Mesh uploaded successfully to VRAM (GPU)
INFO: FILEIO: [humans/idle_character.glb] File loaded successfully
INFO: MODEL: [humans/idle_character.glb] Model basic data (glb) loaded successfully
INFO:     > Meshes count: 6
INFO:     > Materials count: 1 (+1 default)
INFO: IMAGE: Data loaded successfully (1024x1024 | R8G8B8 | 1 mipmaps)
INFO: TEXTURE: [ID 24] Texture loaded successfully (1024x1024 | R8G8B8 | 1 mipmaps)
INFO: VAO: [ID 210] Mesh uploaded successfully to VRAM (GPU)
INFO: VAO: [ID 211] Mesh uploaded successfully to VRAM (GPU)
INFO: VAO: [ID 212] Mesh uploaded successfully to VRAM (GPU)
INFO: VAO: [ID 213] Mesh uploaded successfully to VRAM (GPU)
INFO: VAO: [ID 214] Mesh uploaded successfully to VRAM (GPU)
INFO: VAO: [ID 215] Mesh uploaded successfully to VRAM (GPU)
INFO: FILEIO: [humans/looking_characther.glb] File loaded successfully
INFO: MODEL: [humans/looking_characther.glb] Model basic data (glb) loaded successfully
INFO:     > Meshes count: 6
INFO:     > Materials count: 1 (+1 default)
INFO: IMAGE: Data loaded successfully (1024x1024 | R8G8B8 | 1 mipmaps)
INFO: TEXTURE: [ID 25] Texture loaded successfully (1024x1024 | R8G8B8 | 1 mipmaps)
INFO: VAO: [ID 216] Mesh uploaded successfully to VRAM (GPU)
INFO: VAO: [ID 217] Mesh uploaded successfully to VRAM (GPU)
INFO: VAO: [ID 218] Mesh uploaded successfully to VRAM (GPU)
INFO: VAO: [ID 219] Mesh uploaded successfully to VRAM (GPU)
INFO: VAO: [ID 220] Mesh uploaded successfully to VRAM (GPU)
INFO: VAO: [ID 221] Mesh uploaded successfully to VRAM (GPU)
INFO: FILEIO: [humans/walking_character.glb] File loaded successfully
INFO: MODEL: [humans/walking_character.glb] Loaded animation: Skeleton.001|mixamo.com|Layer0 (83 frames, 1.400000s)
INFO: FILEIO: [humans/idle_character.glb] File loaded successfully
INFO: MODEL: [humans/idle_character.glb] Loaded animation: Idle_Relaxed (557 frames, 9.466666s)
INFO: MODEL: [humans/idle_character.glb] Loaded animation: Idle_Breathing (61 frames, 1.033333s)
INFO: MODEL: [humans/idle_character.glb] Loaded animation: Walk_Backward (61 frames, 1.033333s)
INFO: MODEL: [humans/idle_character.glb] Loaded animation: Walk_Forward (177 frames, 3.000000s)
INFO: MODEL: [humans/idle_character.glb] Loaded animation: Death_Backward (61 frames, 1.033333s)
INFO: MODEL: [humans/idle_character.glb] Loaded animation: Strafe_Right (61 frames, 1.033333s)
INFO: MODEL: [humans/idle_character.glb] Loaded animation: Strafe_Left (46 frames, 0.766667s)
INFO: MODEL: [humans/idle_character.glb] Loaded animation: Run_Right (46 frames, 0.766667s)
INFO: MODEL: [humans/idle_character.glb] Loaded animation: Run_Left (46 frames, 0.766667s)
INFO: MODEL: [humans/idle_character.glb] Loaded animation: Run_Backward (46 frames, 0.766667s)
INFO: MODEL: [humans/idle_character.glb] Loaded animation: Run_Forward (95 frames, 1.600000s)
INFO: MODEL: [humans/idle_character.glb] Loaded animation: Attack_Kick (57 frames, 0.966667s)
INFO: MODEL: [humans/idle_character.glb] Loaded animation: Attack_Punch (63 frames, 1.066667s)
INFO: MODEL: [humans/idle_character.glb] Loaded animation: Climb_Ladder (265 frames, 4.500000s)
INFO: MODEL: [humans/idle_character.glb] Loaded animation: Fall (63 frames, 1.066667s)
INFO: MODEL: [humans/idle_character.glb] Loaded animation: Jump_End (95 frames, 1.600000s)
INFO: MODEL: [humans/idle_character.glb] Loaded animation: Jump_Loop (46 frames, 0.766667s)
INFO: MODEL: [humans/idle_character.glb] Loaded animation: Jump_Start (77 frames, 1.300000s)
INFO: MODEL: [humans/idle_character.glb] Loaded animation: Crouch_Walk_Right (77 frames, 1.300000s)
INFO: MODEL: [humans/idle_character.glb] Loaded animation: Crouch_Walk_Left (77 frames, 1.300000s)
INFO: MODEL: [humans/idle_character.glb] Loaded animation: Crouch_Walk_Backward (77 frames, 1.300000s)
INFO: MODEL: [humans/idle_character.glb] Loaded animation: Crouch_Walk _Forward (77 frames, 1.300000s)
INFO: MODEL: [humans/idle_character.glb] Loaded animation: Hit_Reaction_Heavy (91 frames, 1.533333s)
INFO: MODEL: [humans/idle_character.glb] Loaded animation: Hit_Reaction_Light (85 frames, 1.433333s)
INFO: MODEL: [humans/idle_character.glb] Loaded animation: Dodge_Sidestep (97 frames, 1.633333s)
INFO: MODEL: [humans/idle_character.glb] Loaded animation: Dodge_Roll (165 frames, 2.800000s)
INFO: MODEL: [humans/idle_character.glb] Loaded animation: Block_With_Hands (169 frames, 2.866667s)
INFO: MODEL: [humans/idle_character.glb] Loaded animation: Death_Forward (1373 frames, 23.333334s)
INFO: MODEL: [humans/idle_character.glb] Loaded animation: A-pose (1373 frames, 23.333334s)
INFO: FILEIO: [humans/looking_characther.glb] File loaded successfully
INFO: MODEL: [humans/looking_characther.glb] Loaded animation: Idle_Relaxed (442 frames, 7.500000s)
INFO: MODEL: [humans/looking_characther.glb] Loaded animation: Idle_Look_Around (557 frames, 9.466666s)
INFO: MODEL: [humans/looking_characther.glb] Loaded animation: Idle_Breathing (61 frames, 1.033333s)
INFO: MODEL: [humans/looking_characther.glb] Loaded animation: Walk_Backward (61 frames, 1.033333s)
INFO: MODEL: [humans/looking_characther.glb] Loaded animation: Walk_Forward (177 frames, 3.000000s)
INFO: MODEL: [humans/looking_characther.glb] Loaded animation: Death_Backward (61 frames, 1.033333s)
INFO: MODEL: [humans/looking_characther.glb] Loaded animation: Strafe_Right (61 frames, 1.033333s)
INFO: MODEL: [humans/looking_characther.glb] Loaded animation: Strafe_Left (46 frames, 0.766667s)
INFO: MODEL: [humans/looking_characther.glb] Loaded animation: Run_Right (46 frames, 0.766667s)
INFO: MODEL: [humans/looking_characther.glb] Loaded animation: Run_Left (46 frames, 0.766667s)
INFO: MODEL: [humans/looking_characther.glb] Loaded animation: Run_Backward (46 frames, 0.766667s)
INFO: MODEL: [humans/looking_characther.glb] Loaded animation: Run_Forward (95 frames, 1.600000s)
INFO: MODEL: [humans/looking_characther.glb] Loaded animation: Attack_Kick (57 frames, 0.966667s)
INFO: MODEL: [humans/looking_characther.glb] Loaded animation: Attack_Punch (63 frames, 1.066667s)
INFO: MODEL: [humans/looking_characther.glb] Loaded animation: Climb_Ladder (265 frames, 4.500000s)
INFO: MODEL: [humans/looking_characther.glb] Loaded animation: Fall (63 frames, 1.066667s)
INFO: MODEL: [humans/looking_characther.glb] Loaded animation: Jump_End (95 frames, 1.600000s)
INFO: MODEL: [humans/looking_characther.glb] Loaded animation: Jump_Loop (46 frames, 0.766667s)
INFO: MODEL: [humans/looking_characther.glb] Loaded animation: Jump_Start (77 frames, 1.300000s)
INFO: MODEL: [humans/looking_characther.glb] Loaded animation: Crouch_Walk_Right (77 frames, 1.300000s)
INFO: MODEL: [humans/looking_characther.glb] Loaded animation: Crouch_Walk_Left (77 frames, 1.300000s)
INFO: MODEL: [humans/looking_characther.glb] Loaded animation: Crouch_Walk_Backward (77 frames, 1.300000s)
INFO: MODEL: [humans/looking_characther.glb] Loaded animation: Crouch_Walk _Forward (77 frames, 1.300000s)
INFO: MODEL: [humans/looking_characther.glb] Loaded animation: Hit_Reaction_Heavy (91 frames, 1.533333s)
INFO: MODEL: [humans/looking_characther.glb] Loaded animation: Hit_Reaction_Light (85 frames, 1.433333s)
INFO: MODEL: [humans/looking_characther.glb] Loaded animation: Dodge_Sidestep (97 frames, 1.633333s)
INFO: MODEL: [humans/looking_characther.glb] Loaded animation: Dodge_Roll (165 frames, 2.800000s)
INFO: MODEL: [humans/looking_characther.glb] Loaded animation: Block_With_Hands (169 frames, 2.866667s)
INFO: MODEL: [humans/looking_characther.glb] Loaded animation: Death_Forward (1373 frames, 23.333334s)
INFO: MODEL: [humans/looking_characther.glb] Loaded animation: A-pose (1373 frames, 23.333334s)
INFO: Human walking animation loaded successfully with 83 frames
INFO: Human idle animation loaded successfully with 557 frames
INFO: Human looking animation loaded successfully with 442 frames
INFO: Setting up human path from (-35.00, 0.10, 20.00) to (-10.00, 0.10, -10.00)
INFO: Number of roads: 0
INFO: Path search results: roadIndex=-1, startIndex=-1 (dist=1000.00), endIndex=-1 (dist=1000.00)
WARNING: Could not find a suitable path for the human character
INFO: Creating direct path from start to end as fallback
INFO: Human direct path created as fallback
INFO: FILEIO: [buildings/Fence.glb] File loaded successfully
INFO: MODEL: [buildings/Fence.glb] Model basic data (glb) loaded successfully
INFO:     > Meshes count: 1
INFO:     > Materials count: 1 (+1 default)
INFO: IMAGE: Data loaded successfully (2048x2048 | R8G8B8A8 | 1 mipmaps)
INFO: TEXTURE: [ID 26] Texture loaded successfully (2048x2048 | R8G8B8A8 | 1 mipmaps)
INFO: VAO: [ID 222] Mesh uploaded successfully to VRAM (GPU)
INFO: FILEIO: [buildings/ChickenCoop.glb] File loaded successfully
INFO: MODEL: [buildings/ChickenCoop.glb] Model basic data (glb) loaded successfully
INFO:     > Meshes count: 1
INFO:     > Materials count: 5 (+1 default)
INFO: VAO: [ID 223] Mesh uploaded successfully to VRAM (GPU)
INFO: VAO: [ID 224] Mesh uploaded successfully to VRAM (GPU)
INFO: VAO: [ID 225] Mesh uploaded successfully to VRAM (GPU)
INFO: VAO: [ID 226] Mesh uploaded successfully to VRAM (GPU)
INFO: VAO: [ID 227] Mesh uploaded successfully to VRAM (GPU)
INFO: Creating ribbon-like road with 30 points, 60 vertices, 58 triangles
INFO: VAO: [ID 228] Mesh uploaded successfully to VRAM (GPU)
INFO: Road ribbon created successfully for 'Farm Entrance' with 30 points
INFO: Created road 'Farm Entrance' with 30 points
INFO: Creating ribbon-like road with 41 points, 82 vertices, 80 triangles
INFO: VAO: [ID 229] Mesh uploaded successfully to VRAM (GPU)
INFO: Road ribbon created successfully for 'Second Road' with 41 points
INFO: Created road 'Second Road' with 41 points
INFO: Creating ribbon-like road with 14 points, 28 vertices, 26 triangles
INFO: VAO: [ID 230] Mesh uploaded successfully to VRAM (GPU)
INFO: Road ribbon created successfully for 'Third Road' with 14 points
INFO: Created road 'Third Road' with 14 points
INFO: Creating ribbon-like road with 12 points, 24 vertices, 22 triangles
INFO: VAO: [ID 231] Mesh uploaded successfully to VRAM (GPU)
INFO: Road ribbon created successfully for 'Fourth Road' with 12 points
INFO: Created road 'Fourth Road' with 12 points
INFO: Creating ribbon-like road with 7 points, 14 vertices, 12 triangles
INFO: VAO: [ID 232] Mesh uploaded successfully to VRAM (GPU)
INFO: Road ribbon created successfully for 'Fifth Road' with 7 points
INFO: Created road 'Fifth Road' with 7 points
INFO: Checking for plants blocking roads...
INFO: Removed 38 plants that were blocking roads.
INFO: TEXTURE: [ID 27] Texture loaded successfully (32x32 | R8G8B8A8 | 1 mipmaps)
INFO: AUDIO: Device initialized successfully
INFO:     > Backend:       miniaudio | Core Audio
INFO:     > Format:        32-bit IEEE Floating Point -> 32-bit IEEE Floating Point
INFO:     > Channels:      2 -> 2
INFO:     > Sample rate:   48000 -> 48000
INFO:     > Periods size:  1440
INFO: FILEIO: [sounds/horse.mp3] File loaded successfully
INFO: WAVE: Data loaded successfully (44100 Hz, 32 bit, 2 channels)
INFO: FILEIO: [sounds/pig.mp3] File loaded successfully
INFO: WAVE: Data loaded successfully (44100 Hz, 32 bit, 1 channels)
INFO: FILEIO: [sounds/cat.mp3] File loaded successfully
INFO: WAVE: Data loaded successfully (24000 Hz, 32 bit, 2 channels)
INFO: FILEIO: [sounds/dog.mp3] File loaded successfully
INFO: WAVE: Data loaded successfully (44100 Hz, 32 bit, 2 channels)
INFO: FILEIO: [sounds/cow.mp3] File loaded successfully
INFO: WAVE: Data loaded successfully (44100 Hz, 32 bit, 2 channels)
INFO: FILEIO: [sounds/chicken.mp3] File loaded successfully
INFO: WAVE: Data loaded successfully (44100 Hz, 32 bit, 1 channels)
INFO: TIMER: Target time per frame: 16.667 milliseconds
2025-05-18 17:00:13.757 farming-simulator[70057:17437695] +[IMKClient subclass]: chose IMKClient_Modern
2025-05-18 17:00:13.757 farming-simulator[70057:17437695] +[IMKInputSession subclass]: chose IMKInputSession_Modern
INFO: Human walked for 3 seconds, switching to talking state
INFO: TEXTURE: [ID 3] Unloaded texture data from VRAM (GPU)
INFO: AUDIO: Device closed successfully
INFO: VAO: [ID 47] Unloaded vertex array data from VRAM (GPU)
INFO: MODEL: Unloaded model (and meshes) from RAM and VRAM
INFO: VAO: [ID 48] Unloaded vertex array data from VRAM (GPU)
INFO: MODEL: Unloaded model (and meshes) from RAM and VRAM
INFO: VAO: [ID 49] Unloaded vertex array data from VRAM (GPU)
INFO: VAO: [ID 50] Unloaded vertex array data from VRAM (GPU)
INFO: MODEL: Unloaded model (and meshes) from RAM and VRAM
INFO: VAO: [ID 51] Unloaded vertex array data from VRAM (GPU)
INFO: VAO: [ID 52] Unloaded vertex array data from VRAM (GPU)
INFO: MODEL: Unloaded model (and meshes) from RAM and VRAM
INFO: VAO: [ID 53] Unloaded vertex array data from VRAM (GPU)
INFO: MODEL: Unloaded model (and meshes) from RAM and VRAM
INFO: VAO: [ID 54] Unloaded vertex array data from VRAM (GPU)
INFO: MODEL: Unloaded model (and meshes) from RAM and VRAM
INFO: VAO: [ID 55] Unloaded vertex array data from VRAM (GPU)
INFO: MODEL: Unloaded model (and meshes) from RAM and VRAM
INFO: VAO: [ID 56] Unloaded vertex array data from VRAM (GPU)
INFO: MODEL: Unloaded model (and meshes) from RAM and VRAM
INFO: VAO: [ID 57] Unloaded vertex array data from VRAM (GPU)
INFO: VAO: [ID 58] Unloaded vertex array data from VRAM (GPU)
INFO: VAO: [ID 59] Unloaded vertex array data from VRAM (GPU)
INFO: MODEL: Unloaded model (and meshes) from RAM and VRAM
INFO: VAO: [ID 60] Unloaded vertex array data from VRAM (GPU)
INFO: VAO: [ID 61] Unloaded vertex array data from VRAM (GPU)
INFO: VAO: [ID 62] Unloaded vertex array data from VRAM (GPU)
INFO: MODEL: Unloaded model (and meshes) from RAM and VRAM
INFO: VAO: [ID 63] Unloaded vertex array data from VRAM (GPU)
INFO: MODEL: Unloaded model (and meshes) from RAM and VRAM
INFO: VAO: [ID 64] Unloaded vertex array data from VRAM (GPU)
INFO: MODEL: Unloaded model (and meshes) from RAM and VRAM
INFO: VAO: [ID 228] Unloaded vertex array data from VRAM (GPU)
INFO: MODEL: Unloaded model (and meshes) from RAM and VRAM
INFO: VAO: [ID 229] Unloaded vertex array data from VRAM (GPU)
INFO: MODEL: Unloaded model (and meshes) from RAM and VRAM
INFO: VAO: [ID 230] Unloaded vertex array data from VRAM (GPU)
INFO: MODEL: Unloaded model (and meshes) from RAM and VRAM
INFO: VAO: [ID 231] Unloaded vertex array data from VRAM (GPU)
INFO: MODEL: Unloaded model (and meshes) from RAM and VRAM
INFO: VAO: [ID 232] Unloaded vertex array data from VRAM (GPU)
INFO: MODEL: Unloaded model (and meshes) from RAM and VRAM
INFO: TEXTURE: [ID 4] Unloaded texture data from VRAM (GPU)
INFO: MODEL: Unloaded model (and meshes) from RAM and VRAM
INFO: VAO: [ID 65] Unloaded vertex array data from VRAM (GPU)
INFO: MODEL: Unloaded model (and meshes) from RAM and VRAM
INFO: VAO: [ID 66] Unloaded vertex array data from VRAM (GPU)
INFO: VAO: [ID 67] Unloaded vertex array data from VRAM (GPU)
INFO: VAO: [ID 68] Unloaded vertex array data from VRAM (GPU)
INFO: VAO: [ID 69] Unloaded vertex array data from VRAM (GPU)
INFO: VAO: [ID 70] Unloaded vertex array data from VRAM (GPU)
INFO: VAO: [ID 71] Unloaded vertex array data from VRAM (GPU)
INFO: VAO: [ID 72] Unloaded vertex array data from VRAM (GPU)
INFO: VAO: [ID 73] Unloaded vertex array data from VRAM (GPU)
INFO: VAO: [ID 74] Unloaded vertex array data from VRAM (GPU)
INFO: VAO: [ID 75] Unloaded vertex array data from VRAM (GPU)
INFO: VAO: [ID 76] Unloaded vertex array data from VRAM (GPU)
INFO: VAO: [ID 77] Unloaded vertex array data from VRAM (GPU)
INFO: VAO: [ID 78] Unloaded vertex array data from VRAM (GPU)
INFO: VAO: [ID 79] Unloaded vertex array data from VRAM (GPU)
INFO: MODEL: Unloaded model (and meshes) from RAM and VRAM
INFO: VAO: [ID 80] Unloaded vertex array data from VRAM (GPU)
INFO: VAO: [ID 81] Unloaded vertex array data from VRAM (GPU)
INFO: VAO: [ID 82] Unloaded vertex array data from VRAM (GPU)
INFO: VAO: [ID 83] Unloaded vertex array data from VRAM (GPU)
INFO: VAO: [ID 84] Unloaded vertex array data from VRAM (GPU)
INFO: VAO: [ID 85] Unloaded vertex array data from VRAM (GPU)
INFO: VAO: [ID 86] Unloaded vertex array data from VRAM (GPU)
INFO: VAO: [ID 87] Unloaded vertex array data from VRAM (GPU)
INFO: VAO: [ID 88] Unloaded vertex array data from VRAM (GPU)
INFO: VAO: [ID 89] Unloaded vertex array data from VRAM (GPU)
INFO: VAO: [ID 90] Unloaded vertex array data from VRAM (GPU)
INFO: VAO: [ID 91] Unloaded vertex array data from VRAM (GPU)
INFO: VAO: [ID 92] Unloaded vertex array data from VRAM (GPU)
INFO: VAO: [ID 93] Unloaded vertex array data from VRAM (GPU)
INFO: VAO: [ID 94] Unloaded vertex array data from VRAM (GPU)
INFO: VAO: [ID 95] Unloaded vertex array data from VRAM (GPU)
INFO: VAO: [ID 96] Unloaded vertex array data from VRAM (GPU)
INFO: VAO: [ID 97] Unloaded vertex array data from VRAM (GPU)
INFO: VAO: [ID 98] Unloaded vertex array data from VRAM (GPU)
INFO: VAO: [ID 99] Unloaded vertex array data from VRAM (GPU)
INFO: VAO: [ID 100] Unloaded vertex array data from VRAM (GPU)
INFO: VAO: [ID 101] Unloaded vertex array data from VRAM (GPU)
INFO: VAO: [ID 102] Unloaded vertex array data from VRAM (GPU)
INFO: VAO: [ID 103] Unloaded vertex array data from VRAM (GPU)
INFO: VAO: [ID 104] Unloaded vertex array data from VRAM (GPU)
INFO: VAO: [ID 105] Unloaded vertex array data from VRAM (GPU)
INFO: VAO: [ID 106] Unloaded vertex array data from VRAM (GPU)
INFO: VAO: [ID 107] Unloaded vertex array data from VRAM (GPU)
INFO: VAO: [ID 108] Unloaded vertex array data from VRAM (GPU)
INFO: VAO: [ID 109] Unloaded vertex array data from VRAM (GPU)
INFO: VAO: [ID 110] Unloaded vertex array data from VRAM (GPU)
INFO: VAO: [ID 111] Unloaded vertex array data from VRAM (GPU)
INFO: VAO: [ID 112] Unloaded vertex array data from VRAM (GPU)
INFO: VAO: [ID 113] Unloaded vertex array data from VRAM (GPU)
INFO: VAO: [ID 114] Unloaded vertex array data from VRAM (GPU)
INFO: VAO: [ID 115] Unloaded vertex array data from VRAM (GPU)
INFO: VAO: [ID 116] Unloaded vertex array data from VRAM (GPU)
INFO: VAO: [ID 117] Unloaded vertex array data from VRAM (GPU)
INFO: VAO: [ID 118] Unloaded vertex array data from VRAM (GPU)
INFO: VAO: [ID 119] Unloaded vertex array data from VRAM (GPU)
INFO: VAO: [ID 120] Unloaded vertex array data from VRAM (GPU)
INFO: VAO: [ID 121] Unloaded vertex array data from VRAM (GPU)
INFO: VAO: [ID 122] Unloaded vertex array data from VRAM (GPU)
INFO: VAO: [ID 123] Unloaded vertex array data from VRAM (GPU)
INFO: VAO: [ID 124] Unloaded vertex array data from VRAM (GPU)
INFO: VAO: [ID 125] Unloaded vertex array data from VRAM (GPU)
INFO: VAO: [ID 126] Unloaded vertex array data from VRAM (GPU)
INFO: VAO: [ID 127] Unloaded vertex array data from VRAM (GPU)
INFO: VAO: [ID 128] Unloaded vertex array data from VRAM (GPU)
INFO: VAO: [ID 129] Unloaded vertex array data from VRAM (GPU)
INFO: VAO: [ID 130] Unloaded vertex array data from VRAM (GPU)
INFO: VAO: [ID 131] Unloaded vertex array data from VRAM (GPU)
INFO: VAO: [ID 132] Unloaded vertex array data from VRAM (GPU)
INFO: VAO: [ID 133] Unloaded vertex array data from VRAM (GPU)
INFO: VAO: [ID 134] Unloaded vertex array data from VRAM (GPU)
INFO: VAO: [ID 135] Unloaded vertex array data from VRAM (GPU)
INFO: VAO: [ID 136] Unloaded vertex array data from VRAM (GPU)
INFO: VAO: [ID 137] Unloaded vertex array data from VRAM (GPU)
INFO: VAO: [ID 138] Unloaded vertex array data from VRAM (GPU)
INFO: VAO: [ID 139] Unloaded vertex array data from VRAM (GPU)
INFO: VAO: [ID 140] Unloaded vertex array data from VRAM (GPU)
INFO: VAO: [ID 141] Unloaded vertex array data from VRAM (GPU)
INFO: VAO: [ID 142] Unloaded vertex array data from VRAM (GPU)
INFO: VAO: [ID 143] Unloaded vertex array data from VRAM (GPU)
INFO: VAO: [ID 144] Unloaded vertex array data from VRAM (GPU)
INFO: VAO: [ID 145] Unloaded vertex array data from VRAM (GPU)
INFO: VAO: [ID 146] Unloaded vertex array data from VRAM (GPU)
INFO: VAO: [ID 147] Unloaded vertex array data from VRAM (GPU)
INFO: VAO: [ID 148] Unloaded vertex array data from VRAM (GPU)
INFO: VAO: [ID 149] Unloaded vertex array data from VRAM (GPU)
INFO: VAO: [ID 150] Unloaded vertex array data from VRAM (GPU)
INFO: VAO: [ID 151] Unloaded vertex array data from VRAM (GPU)
INFO: VAO: [ID 152] Unloaded vertex array data from VRAM (GPU)
INFO: VAO: [ID 153] Unloaded vertex array data from VRAM (GPU)
INFO: VAO: [ID 154] Unloaded vertex array data from VRAM (GPU)
INFO: VAO: [ID 155] Unloaded vertex array data from VRAM (GPU)
INFO: VAO: [ID 156] Unloaded vertex array data from VRAM (GPU)
INFO: VAO: [ID 157] Unloaded vertex array data from VRAM (GPU)
INFO: VAO: [ID 158] Unloaded vertex array data from VRAM (GPU)
INFO: VAO: [ID 159] Unloaded vertex array data from VRAM (GPU)
INFO: VAO: [ID 160] Unloaded vertex array data from VRAM (GPU)
INFO: VAO: [ID 161] Unloaded vertex array data from VRAM (GPU)
INFO: VAO: [ID 162] Unloaded vertex array data from VRAM (GPU)
INFO: VAO: [ID 163] Unloaded vertex array data from VRAM (GPU)
INFO: VAO: [ID 164] Unloaded vertex array data from VRAM (GPU)
INFO: VAO: [ID 165] Unloaded vertex array data from VRAM (GPU)
INFO: VAO: [ID 166] Unloaded vertex array data from VRAM (GPU)
INFO: VAO: [ID 167] Unloaded vertex array data from VRAM (GPU)
INFO: VAO: [ID 168] Unloaded vertex array data from VRAM (GPU)
INFO: VAO: [ID 169] Unloaded vertex array data from VRAM (GPU)
INFO: VAO: [ID 170] Unloaded vertex array data from VRAM (GPU)
INFO: VAO: [ID 171] Unloaded vertex array data from VRAM (GPU)
INFO: VAO: [ID 172] Unloaded vertex array data from VRAM (GPU)
INFO: VAO: [ID 173] Unloaded vertex array data from VRAM (GPU)
INFO: VAO: [ID 174] Unloaded vertex array data from VRAM (GPU)
INFO: VAO: [ID 175] Unloaded vertex array data from VRAM (GPU)
INFO: VAO: [ID 176] Unloaded vertex array data from VRAM (GPU)
INFO: VAO: [ID 177] Unloaded vertex array data from VRAM (GPU)
INFO: VAO: [ID 178] Unloaded vertex array data from VRAM (GPU)
INFO: VAO: [ID 179] Unloaded vertex array data from VRAM (GPU)
INFO: VAO: [ID 180] Unloaded vertex array data from VRAM (GPU)
INFO: VAO: [ID 181] Unloaded vertex array data from VRAM (GPU)
INFO: VAO: [ID 182] Unloaded vertex array data from VRAM (GPU)
INFO: VAO: [ID 183] Unloaded vertex array data from VRAM (GPU)
INFO: VAO: [ID 184] Unloaded vertex array data from VRAM (GPU)
INFO: VAO: [ID 185] Unloaded vertex array data from VRAM (GPU)
INFO: VAO: [ID 186] Unloaded vertex array data from VRAM (GPU)
INFO: VAO: [ID 187] Unloaded vertex array data from VRAM (GPU)
INFO: VAO: [ID 188] Unloaded vertex array data from VRAM (GPU)
INFO: VAO: [ID 189] Unloaded vertex array data from VRAM (GPU)
INFO: VAO: [ID 190] Unloaded vertex array data from VRAM (GPU)
INFO: VAO: [ID 191] Unloaded vertex array data from VRAM (GPU)
INFO: VAO: [ID 192] Unloaded vertex array data from VRAM (GPU)
INFO: VAO: [ID 193] Unloaded vertex array data from VRAM (GPU)
INFO: VAO: [ID 194] Unloaded vertex array data from VRAM (GPU)
INFO: VAO: [ID 195] Unloaded vertex array data from VRAM (GPU)
INFO: VAO: [ID 196] Unloaded vertex array data from VRAM (GPU)
INFO: VAO: [ID 197] Unloaded vertex array data from VRAM (GPU)
INFO: VAO: [ID 198] Unloaded vertex array data from VRAM (GPU)
INFO: VAO: [ID 199] Unloaded vertex array data from VRAM (GPU)
INFO: VAO: [ID 200] Unloaded vertex array data from VRAM (GPU)
INFO: MODEL: Unloaded model (and meshes) from RAM and VRAM
INFO: VAO: [ID 201] Unloaded vertex array data from VRAM (GPU)
INFO: VAO: [ID 202] Unloaded vertex array data from VRAM (GPU)
INFO: MODEL: Unloaded model (and meshes) from RAM and VRAM
INFO: VAO: [ID 203] Unloaded vertex array data from VRAM (GPU)
INFO: MODEL: Unloaded model (and meshes) from RAM and VRAM
INFO: VAO: [ID 222] Unloaded vertex array data from VRAM (GPU)
INFO: MODEL: Unloaded model (and meshes) from RAM and VRAM
INFO: VAO: [ID 0] Unloaded vertex array data from VRAM (GPU)
